<?xml version="1.0" encoding="UTF-8"?>
<!-- Generated by org.testng.reporters.JUnitXMLReporter -->
<testsuite ignored="4" hostname="DESKTOP-7PTRHU1" failures="0" tests="3" name="Google Test" time="9.021" errors="0" timestamp="2022-08-10T11:39:22 IST">
  <testcase classname="maven_intro.tests.GSearch1Test" name="testsrach1" time="0.064"/>
  <testcase classname="maven_intro.tests.GSearch1Test" name="testSearch" time="0.006"/>
  <testcase classname="maven_intro.tests.GoggleSearchTest" name="st" time="8.862"/>
  <testcase classname="maven_intro.tests.GSearchTest" name="testSearch" time="0.0">
    <ignored/>
  </testcase> <!-- testSearch -->
  <testcase classname="maven_intro.tests.GSearchTest" name="testsrach1" time="0.0">
    <ignored/>
  </testcase> <!-- testsrach1 -->
  <testcase classname="maven_intro.tests.GSearch1Test" name="testsrach2" time="0.0">
    <ignored/>
  </testcase> <!-- testsrach2 -->
  <testcase classname="maven_intro.tests.GSearchTest" name="testsrach2" time="0.0">
    <ignored/>
  </testcase> <!-- testsrach2 -->
</testsuite> <!-- Google Test -->
