<?xml version="1.0" encoding="UTF-8"?>
<!-- Generated by org.testng.reporters.JUnitXMLReporter -->
<testsuite ignored="4" hostname="DESKTOP-7PTRHU1" failures="0" tests="3" name="Test" time="8.523" errors="0" timestamp="2022-08-10T11:43:03 IST">
  <testcase classname="maven_intro.tests.GoggleSearchTest" name="st" time="8.412"/>
  <testcase classname="maven_intro.tests.GSearch1Test" name="testsrach1" time="0.016"/>
  <testcase classname="maven_intro.tests.GSearch1Test" name="testSearch" time="0.008"/>
  <testcase classname="maven_intro.tests.GSearch1Test" name="testsrach2" time="0.0">
    <ignored/>
  </testcase> <!-- testsrach2 -->
  <testcase classname="maven_intro.tests.GSearchTest" name="testsrach1" time="0.0">
    <ignored/>
  </testcase> <!-- testsrach1 -->
  <testcase classname="maven_intro.tests.GSearchTest" name="testsrach2" time="0.0">
    <ignored/>
  </testcase> <!-- testsrach2 -->
  <testcase classname="maven_intro.tests.GSearchTest" name="testSearch" time="0.0">
    <ignored/>
  </testcase> <!-- testSearch -->
</testsuite> <!-- Test -->
