<?xml version="1.0" encoding="UTF-8"?>
<testng-results ignored="1" total="2" passed="1" failed="0" skipped="0">
  <reporter-output>
  </reporter-output>
  <suite started-at="2022-08-11T16:30:46 IST" name="Default suite" finished-at="2022-08-11T16:31:10 IST" duration-ms="23911">
    <groups>
    </groups>
    <test started-at="2022-08-11T16:30:46 IST" name="Default test" finished-at="2022-08-11T16:31:10 IST" duration-ms="23911">
      <class name="project_name_group_id.tests.HomePageIRCTCTest">
        <test-method is-config="true" signature="beforeSetup()[pri:0, instance:project_name_group_id.tests.HomePageIRCTCTest@7d4f9aae]" started-at="2022-08-11T16:30:46 IST" name="beforeSetup" finished-at="2022-08-11T16:30:58 IST" duration-ms="11650" status="PASS">
          <reporter-output>
          </reporter-output>
        </test-method> <!-- beforeSetup -->
        <test-method signature="verifyTrainSearchSuccessWithAllAvailableFileds()[pri:0, instance:project_name_group_id.tests.HomePageIRCTCTest@7d4f9aae]" started-at="2022-08-11T16:30:58 IST" name="verifyTrainSearchSuccessWithAllAvailableFileds" finished-at="2022-08-11T16:31:10 IST" duration-ms="11539" status="PASS">
          <reporter-output>
          </reporter-output>
        </test-method> <!-- verifyTrainSearchSuccessWithAllAvailableFileds -->
        <test-method is-config="true" signature="teardown()[pri:0, instance:project_name_group_id.tests.HomePageIRCTCTest@7d4f9aae]" started-at="2022-08-11T16:31:10 IST" name="teardown" finished-at="2022-08-11T16:31:10 IST" duration-ms="666" status="PASS">
          <reporter-output>
          </reporter-output>
        </test-method> <!-- teardown -->
      </class> <!-- project_name_group_id.tests.HomePageIRCTCTest -->
    </test> <!-- Default test -->
  </suite> <!-- Default suite -->
</testng-results>
