<?xml version="1.0" encoding="UTF-8"?>
<!-- Generated by org.testng.reporters.JUnitXMLReporter -->
<testsuite ignored="1" hostname="DESKTOP-7PTRHU1" failures="0" tests="1" name="Default test" time="23.911" errors="0" timestamp="2022-08-11T16:31:10 IST">
  <testcase classname="project_name_group_id.tests.HomePageIRCTCTest" name="verifyTrainSearchSuccessWithAllAvailableFileds" time="11.539"/>
  <testcase classname="project_name_group_id.tests.HomePageIRCTCTest" name="verifyTrainSearchSuccessWithMandatoryFileds" time="0.0">
    <ignored/>
  </testcase> <!-- verifyTrainSearchSuccessWithMandatoryFileds -->
</testsuite> <!-- Default test -->
