<?xml version="1.0" encoding="UTF-8"?>
<!-- Generated by org.testng.reporters.JUnitXMLReporter -->
<testsuite ignored="2" hostname="DESKTOP-7PTRHU1" failures="0" tests="1" name="Default test" time="12.35" errors="0" timestamp="2022-08-10T12:29:10 IST">
  <testcase classname="maven_intro.tests.GSearch1Test" name="testSearch" time="5.438"/>
  <testcase classname="maven_intro.tests.GSearch1Test" name="testsrach1" time="0.0">
    <ignored/>
  </testcase> <!-- testsrach1 -->
  <testcase classname="maven_intro.tests.GSearch1Test" name="testsrach2" time="0.0">
    <ignored/>
  </testcase> <!-- testsrach2 -->
</testsuite> <!-- Default test -->
